TN:
SF:Ejercicio 6\Ejercicio6.js
FN:5,cuadrado
FNF:1
FNH:1
FNDA:1,cuadrado
DA:1,1
DA:2,1
DA:3,1
DA:4,1
DA:5,1
DA:6,1
DA:7,1
DA:8,1
DA:9,1
DA:10,3
DA:11,3
DA:12,3
DA:13,9
DA:14,9
DA:15,8
DA:16,9
DA:17,1
DA:18,1
DA:19,9
DA:20,3
DA:21,3
DA:22,3
DA:23,1
DA:24,1
DA:25,1
DA:26,1
DA:27,1
DA:28,1
DA:29,1
DA:30,1
DA:31,1
DA:32,1
DA:33,1
DA:34,1
DA:35,1
DA:36,1
DA:37,1
DA:38,1
DA:39,1
DA:40,1
DA:41,1
DA:42,1
DA:43,1
DA:44,1
DA:45,1
DA:46,1
DA:47,1
DA:48,1
DA:49,1
DA:50,1
DA:51,1
DA:52,1
DA:53,1
DA:54,1
DA:55,1
LF:55
LH:55
BRDA:5,0,0,1
BRDA:9,1,0,3
BRDA:12,2,0,9
BRDA:14,3,0,6
BRDA:14,4,0,3
BRDA:14,5,0,2
BRDA:14,6,0,8
BRDA:16,7,0,1
BRF:8
BRH:8
end_of_record
